\BOOKMARK [0][-]{chapter.1}{\376\377\000F\000o\000u\000r\000i\000e\000r\176\247\145\160\124\214\000F\000o\000u\000r\000i\000e\000r\171\357\122\006}{}% 1
\BOOKMARK [1][-]{section.1.1}{\376\377\000F\000o\000u\000r\000i\000e\000r\176\247\145\160}{chapter.1}% 2
\BOOKMARK [1][-]{section.1.2}{\376\377\000F\000o\000u\000r\000i\000e\000r\176\247\145\160\166\204\160\271\140\001\145\066\145\133}{chapter.1}% 3
\BOOKMARK [1][-]{section.1.3}{\376\377\217\336\176\355\121\375\145\160\166\204\000F\000o\000u\000r\000i\000e\000r\176\247\145\160}{chapter.1}% 4
\BOOKMARK [1][-]{section.1.4}{\376\377\000F\000o\000u\000r\000i\000e\000r\176\247\145\160\143\011\000L\000p\145\066\145\133}{chapter.1}% 5
\BOOKMARK [1][-]{section.1.5}{\376\377\116\044\171\315\000F\000o\000u\000r\000i\000e\000r\176\247\145\160\166\204\154\102\124\214\154\325}{chapter.1}% 6
\BOOKMARK [2][-]{subsection.1.5.1}{\376\377\173\227\145\160\154\102\124\214}{section.1.5}% 7
\BOOKMARK [2][-]{subsection.1.5.2}{\376\377\000F\000e\000j\000e\000r\150\070\166\204\140\047\215\050}{section.1.5}% 8
\BOOKMARK [2][-]{subsection.1.5.3}{\376\377\000A\000b\000e\000l\154\102\124\214}{section.1.5}% 9
\BOOKMARK [2][-]{subsection.1.5.4}{\376\377\000P\000o\000s\000s\000i\000o\000n\150\070\166\204\140\047\215\050}{section.1.5}% 10
\BOOKMARK [1][-]{section.1.6}{\376\377\000L\0001\121\375\145\160\166\204\000F\000o\000u\000r\000i\000e\000r\123\330\143\142}{chapter.1}% 11
\BOOKMARK [2][-]{subsection.1.6.1}{\376\377\000F\000o\000u\000r\000i\000e\000r\176\247\145\160\116\016\000F\000o\000u\000r\000i\000e\000r\123\330\143\142\166\204\133\371\153\324}{section.1.6}% 12
\BOOKMARK [1][-]{section.1.7}{\376\377\000S\000c\000h\000w\000a\000r\000z\174\173\116\016\177\023\130\236\122\006\136\003}{chapter.1}% 13
\BOOKMARK [1][-]{section.1.8}{\376\377\000L\000p\121\375\145\160\166\204\000F\000o\000u\000r\000i\000e\000r\123\330\143\142\377\014\0001\000p\000+}{chapter.1}% 14
\BOOKMARK [1][-]{section.1.9}{\376\377\000F\000o\000u\000r\000i\000e\000r\171\357\122\006\116\016\154\102\124\214}{chapter.1}% 15
\BOOKMARK [2][-]{subsection.1.9.1}{\376\377\154\102\124\214\154\325}{section.1.9}% 16
\BOOKMARK [0][-]{chapter.2}{\376\377\000H\000a\000r\000d\000y\000-\000L\000i\000t\000t\000l\000e\000w\000o\000o\000d\147\201\131\047\173\227\133\120}{}% 17
\BOOKMARK [1][-]{section.2.1}{\376\377\140\122\173\111\220\074\217\321}{chapter.2}% 18
\BOOKMARK [1][-]{section.2.2}{\376\377\160\271\140\001\145\066\145\133\116\016\147\201\131\047\173\227\133\120\166\204\147\011\165\114\140\047}{chapter.2}% 19
\BOOKMARK [1][-]{section.2.3}{\376\377\000M\000a\000r\000c\000i\000n\000k\000i\000e\000w\000i\000c\000z\121\205\143\322\133\232\164\006}{chapter.2}% 20
\BOOKMARK [1][-]{section.2.4}{\376\377\000H\000a\000r\000d\000y\000-\000L\000i\000t\000t\000l\000e\000w\000o\000o\000d\147\201\131\047\173\227\133\120\000\040\000M\000\050\000f\000\051}{chapter.2}% 21
